Removed Pin From Net: NetName=R1 Pin=U1-3
Removed Pin From Net: NetName=R2 Pin=U1-4
Change Component Designator: OldDesignator=R1 NewDesignator=R3
Added Component: Designator=R1(tro vach 1/4w)
Add component (AddParameter): Name = "Chung_Loai"; Value = "C?m"; VariantName = "[No Variations]"
Add component (AddParameter): Name = "Don_Vi"; Value = "Con"; VariantName = "[No Variations]"
Add component (AddParameter): Name = "Kieu_Chan"; Value = ""; VariantName = "[No Variations]"
Add component (AddParameter): Name = "Ma_Hang"; Value = "MH007390"; VariantName = "[No Variations]"
Add component (AddParameter): Name = "So_Chan"; Value = "2"; VariantName = "[No Variations]"
Add component (AddParameter): Name = "Ten_Linh_Kien"; Value = "Tr? V?ch 1/4w 5% 1k"; VariantName = "[No Variations]"
Added Component: Designator=R2(tro vach 1/4w)
Add component (AddParameter): Name = "Chung_Loai"; Value = "C?m"; VariantName = "[No Variations]"
Add component (AddParameter): Name = "Don_Vi"; Value = "Con"; VariantName = "[No Variations]"
Add component (AddParameter): Name = "Kieu_Chan"; Value = ""; VariantName = "[No Variations]"
Add component (AddParameter): Name = "Ma_Hang"; Value = "MH007390"; VariantName = "[No Variations]"
Add component (AddParameter): Name = "So_Chan"; Value = "2"; VariantName = "[No Variations]"
Add component (AddParameter): Name = "Ten_Linh_Kien"; Value = "Tr? V?ch 1/4w 5% 1k"; VariantName = "[No Variations]"
Added Pin To Net: NetName=3.3V Pin=R1-1
Added Pin To Net: NetName=R3 Pin=R1-2
Added Pin To Net: NetName=3.3V Pin=R2-1
Added Pin To Net: NetName=R4 Pin=R2-2
Added Pin To Net: NetName=R2 Pin=U1-15
Added Pin To Net: NetName=R1 Pin=U1-25
Change Net Name : Old Net Name=NetR1_1 New Net Name=NetR3_1
Added Member To Class: ClassName=Sheet1 Member=Component JACK DC1 JACK DC 5.5
Added Member To Class: ClassName=Sheet1 Member=Component R2 1k
Added Member To Class: ClassName=Sheet1 Member=Component R3 3.9k
